<?xml version="1.0" encoding="utf-8"?>
<TestRun id="d10c09fc-b57c-4be5-be2c-2e62d7e5f2df" name="xusa@MSI 2025-07-27 23:56:01" runUser="MSI\xusa" xmlns="http://microsoft.com/schemas/VisualStudio/TeamTest/2010">
  <Times creation="2025-07-27T23:56:01.5011567+02:00" queuing="2025-07-27T23:56:01.5011573+02:00" start="2025-07-27T23:56:00.6574317+02:00" finish="2025-07-27T23:56:01.5323082+02:00" />
  <TestSettings name="default" id="2285807c-49ed-4d80-bc0b-03b8b58f5f67">
    <Deployment runDeploymentRoot="xusa_MSI_2025-07-27_23_56_01" />
  </TestSettings>
  <Results>
    <UnitTestResult executionId="83d40445-de53-42df-97e0-ce64dbca7c2c" testId="14af27bf-61e1-24c0-f82e-07cb40296ae0" testName="ejercicio5.test.UnitTest1.ObtenerPeliculasSala_DebeContenerPeliculaEspecifica(sala: 2, pelicula: &quot;Dune&quot;)" computerName="MSI" duration="00:00:00.0000106" startTime="2025-07-27T23:56:01.4308137+02:00" endTime="2025-07-27T23:56:01.4308138+02:00" testType="13cdc9d9-ddb5-4fa4-a97d-d965ccfc6d4b" outcome="Passed" testListId="8c84fa94-04c1-424b-9868-57a2d4851a1d" relativeResultsDirectory="83d40445-de53-42df-97e0-ce64dbca7c2c" />
    <UnitTestResult executionId="332e64c2-16b9-473f-b290-b65f0a125d43" testId="06a2e199-5b9d-1e6a-c996-7c96e93f29f8" testName="ejercicio5.test.UnitTest1.ObtenerPeliculasSala_DebeContenerPeliculaEspecifica(sala: 1, pelicula: &quot;Titanic&quot;)" computerName="MSI" duration="00:00:00.0000047" startTime="2025-07-27T23:56:01.4308341+02:00" endTime="2025-07-27T23:56:01.4308342+02:00" testType="13cdc9d9-ddb5-4fa4-a97d-d965ccfc6d4b" outcome="Passed" testListId="8c84fa94-04c1-424b-9868-57a2d4851a1d" relativeResultsDirectory="332e64c2-16b9-473f-b290-b65f0a125d43" />
    <UnitTestResult executionId="30521fd7-4048-4ff1-8c04-50f63b821d9d" testId="7eb4910d-bb54-e1a5-c0f2-b70c6b44c772" testName="ejercicio5.test.UnitTest1.ObtenerPeliculasSala_VerificarOrdenCorrecto" computerName="MSI" duration="00:00:00.0007323" startTime="2025-07-27T23:56:01.4637742+02:00" endTime="2025-07-27T23:56:01.4637743+02:00" testType="13cdc9d9-ddb5-4fa4-a97d-d965ccfc6d4b" outcome="Passed" testListId="8c84fa94-04c1-424b-9868-57a2d4851a1d" relativeResultsDirectory="30521fd7-4048-4ff1-8c04-50f63b821d9d" />
    <UnitTestResult executionId="63090010-1446-43cb-83f2-cf5b480bbbd9" testId="ef92e65f-adc9-eb40-eefd-f32dbbdd74e6" testName="ejercicio5.test.UnitTest1.ObtenerPeliculasSala_DebeContenerPeliculaEspecifica(sala: 0, pelicula: &quot;Avengers&quot;)" computerName="MSI" duration="00:00:00.0000043" startTime="2025-07-27T23:56:01.4633202+02:00" endTime="2025-07-27T23:56:01.4633203+02:00" testType="13cdc9d9-ddb5-4fa4-a97d-d965ccfc6d4b" outcome="Passed" testListId="8c84fa94-04c1-424b-9868-57a2d4851a1d" relativeResultsDirectory="63090010-1446-43cb-83f2-cf5b480bbbd9" />
    <UnitTestResult executionId="e6bd1fd5-57c6-45b6-a4e9-05a71956a3d1" testId="112f8195-ed83-fa47-c49c-ac23f16c851b" testName="ejercicio5.test.UnitTest1.EstadisticasCompletas_NoDebeGenerarExcepcion" computerName="MSI" duration="00:00:00.0012597" startTime="2025-07-27T23:56:01.4637235+02:00" endTime="2025-07-27T23:56:01.4637236+02:00" testType="13cdc9d9-ddb5-4fa4-a97d-d965ccfc6d4b" outcome="Passed" testListId="8c84fa94-04c1-424b-9868-57a2d4851a1d" relativeResultsDirectory="e6bd1fd5-57c6-45b6-a4e9-05a71956a3d1" />
    <UnitTestResult executionId="c60623df-000f-45f5-84df-dbc6f55f13cb" testId="ef5b6840-642f-bd0d-1a59-1fab0010cb38" testName="ejercicio5.test.UnitTest1.ObtenerPeliculasSala_DebeContenerPeliculaEspecifica(sala: 2, pelicula: &quot;Blade Runner&quot;)" computerName="MSI" duration="00:00:00.0029822" startTime="2025-07-27T23:56:01.4304941+02:00" endTime="2025-07-27T23:56:01.4304942+02:00" testType="13cdc9d9-ddb5-4fa4-a97d-d965ccfc6d4b" outcome="Passed" testListId="8c84fa94-04c1-424b-9868-57a2d4851a1d" relativeResultsDirectory="c60623df-000f-45f5-84df-dbc6f55f13cb" />
    <UnitTestResult executionId="2674431e-5ce7-400a-87bd-1399b0cd8e33" testId="f7c7ad56-6b7d-c71c-c305-7b91e5a7fb40" testName="ejercicio5.test.UnitTest1.ObtenerPeliculasSala_DebeContenerPeliculaEspecifica(sala: 2, pelicula: &quot;Star Wars&quot;)" computerName="MSI" duration="00:00:00.0000047" startTime="2025-07-27T23:56:01.4308894+02:00" endTime="2025-07-27T23:56:01.4308895+02:00" testType="13cdc9d9-ddb5-4fa4-a97d-d965ccfc6d4b" outcome="Passed" testListId="8c84fa94-04c1-424b-9868-57a2d4851a1d" relativeResultsDirectory="2674431e-5ce7-400a-87bd-1399b0cd8e33" />
    <UnitTestResult executionId="4ab47211-64ac-4318-ac04-bd25c4d695dc" testId="cf2574b1-b45d-e696-11dd-a65721aa6c4b" testName="ejercicio5.test.UnitTest1.LetraSala_DebeRetornarLetraCorrecta" computerName="MSI" duration="00:00:00.0030469" startTime="2025-07-27T23:56:01.4636320+02:00" endTime="2025-07-27T23:56:01.4636321+02:00" testType="13cdc9d9-ddb5-4fa4-a97d-d965ccfc6d4b" outcome="Passed" testListId="8c84fa94-04c1-424b-9868-57a2d4851a1d" relativeResultsDirectory="4ab47211-64ac-4318-ac04-bd25c4d695dc" />
    <UnitTestResult executionId="e2263123-5eeb-469f-933a-f439dda8098e" testId="1a0bb37e-ab57-22e8-5241-6e6d66209beb" testName="ejercicio5.test.UnitTest1.ValidarSeleccionPelicula_ConSalaInvalida_DebeRetornarFalso" computerName="MSI" duration="00:00:00.0007098" startTime="2025-07-27T23:56:01.4636784+02:00" endTime="2025-07-27T23:56:01.4636784+02:00" testType="13cdc9d9-ddb5-4fa4-a97d-d965ccfc6d4b" outcome="Passed" testListId="8c84fa94-04c1-424b-9868-57a2d4851a1d" relativeResultsDirectory="e2263123-5eeb-469f-933a-f439dda8098e" />
    <UnitTestResult executionId="f108e568-a506-4b75-9f73-a1f2300d3cda" testId="e9441c98-b2b3-b6fd-82d6-4051c2809e03" testName="ejercicio5.test.UnitTest1.ObtenerPeliculasSala_DebeContenerPeliculaEspecifica(sala: 0, pelicula: &quot;Inception&quot;)" computerName="MSI" duration="00:00:00.0000052" startTime="2025-07-27T23:56:01.4308660+02:00" endTime="2025-07-27T23:56:01.4308661+02:00" testType="13cdc9d9-ddb5-4fa4-a97d-d965ccfc6d4b" outcome="Passed" testListId="8c84fa94-04c1-424b-9868-57a2d4851a1d" relativeResultsDirectory="f108e568-a506-4b75-9f73-a1f2300d3cda" />
    <UnitTestResult executionId="2a4f3d74-c757-4965-9646-d560677161f3" testId="9870f067-7916-76aa-136e-4eb6ddeaabd5" testName="ejercicio5.test.UnitTest1.ObtenerPeliculasSala_DebeContenerPeliculaEspecifica(sala: 2, pelicula: &quot;Interstellar&quot;)" computerName="MSI" duration="00:00:00.0000085" startTime="2025-07-27T23:56:01.4309335+02:00" endTime="2025-07-27T23:56:01.4309336+02:00" testType="13cdc9d9-ddb5-4fa4-a97d-d965ccfc6d4b" outcome="Passed" testListId="8c84fa94-04c1-424b-9868-57a2d4851a1d" relativeResultsDirectory="2a4f3d74-c757-4965-9646-d560677161f3" />
    <UnitTestResult executionId="52938eb3-89cf-4332-800f-bac7f16f281e" testId="7ab9a730-7a79-d15c-8eab-8ae12e3d958f" testName="ejercicio5.test.UnitTest1.ObtenerPeliculasSala_DebeContenerPeliculaEspecifica(sala: 1, pelicula: &quot;Avatar&quot;)" computerName="MSI" duration="00:00:00.0000044" startTime="2025-07-27T23:56:01.4309140+02:00" endTime="2025-07-27T23:56:01.4309140+02:00" testType="13cdc9d9-ddb5-4fa4-a97d-d965ccfc6d4b" outcome="Passed" testListId="8c84fa94-04c1-424b-9868-57a2d4851a1d" relativeResultsDirectory="52938eb3-89cf-4332-800f-bac7f16f281e" />
    <UnitTestResult executionId="559cd08c-fc57-4132-b267-63cb2c05d31a" testId="234d41a4-8e6f-3c66-3761-07496e8471ff" testName="ejercicio5.test.UnitTest1.ObtenerPeliculasSala_DebeRetornarPeliculasCorrectas" computerName="MSI" duration="00:00:00.0011643" startTime="2025-07-27T23:56:01.4635917+02:00" endTime="2025-07-27T23:56:01.4635918+02:00" testType="13cdc9d9-ddb5-4fa4-a97d-d965ccfc6d4b" outcome="Passed" testListId="8c84fa94-04c1-424b-9868-57a2d4851a1d" relativeResultsDirectory="559cd08c-fc57-4132-b267-63cb2c05d31a" />
    <UnitTestResult executionId="da79ae03-8c23-415b-9b0d-6adc525cf152" testId="3a44ad5a-10de-03f7-4fb9-e49797b9e677" testName="ejercicio5.test.UnitTest1.MuestraCartelera_NoDebeGenerarExcepcion" computerName="MSI" duration="00:00:00.0004689" startTime="2025-07-27T23:56:01.4638185+02:00" endTime="2025-07-27T23:56:01.4638186+02:00" testType="13cdc9d9-ddb5-4fa4-a97d-d965ccfc6d4b" outcome="Passed" testListId="8c84fa94-04c1-424b-9868-57a2d4851a1d" relativeResultsDirectory="da79ae03-8c23-415b-9b0d-6adc525cf152" />
    <UnitTestResult executionId="4e70cf0b-0805-4d42-ad76-98c32a049d5b" testId="abb199fa-2408-4a52-08ce-a2e1218747c7" testName="ejercicio5.test.UnitTest1.PeliculaMasPopular_NoDebeGenerarExcepcion" computerName="MSI" duration="00:00:00.0029140" startTime="2025-07-27T23:56:01.4635500+02:00" endTime="2025-07-27T23:56:01.4635501+02:00" testType="13cdc9d9-ddb5-4fa4-a97d-d965ccfc6d4b" outcome="Passed" testListId="8c84fa94-04c1-424b-9868-57a2d4851a1d" relativeResultsDirectory="4e70cf0b-0805-4d42-ad76-98c32a049d5b" />
    <UnitTestResult executionId="efd97884-8e49-407d-a977-8c0bbf7c04e5" testId="916494cb-7f01-fbe2-afa8-7d3431b47f5f" testName="ejercicio5.test.UnitTest1.ObtenerPeliculasSala_DebeContenerPeliculaEspecifica(sala: 0, pelicula: &quot;Matrix&quot;)" computerName="MSI" duration="00:00:00.0002721" startTime="2025-07-27T23:56:01.4307858+02:00" endTime="2025-07-27T23:56:01.4307858+02:00" testType="13cdc9d9-ddb5-4fa4-a97d-d965ccfc6d4b" outcome="Passed" testListId="8c84fa94-04c1-424b-9868-57a2d4851a1d" relativeResultsDirectory="efd97884-8e49-407d-a977-8c0bbf7c04e5" />
    <UnitTestResult executionId="83bf56e3-8384-42b1-9c7a-c36058a8ec28" testId="92b05120-ad5d-ed07-31c6-4adab462c0d8" testName="ejercicio5.test.UnitTest1.ValidarSeleccionPelicula_DebeValidarCorrectamente" computerName="MSI" duration="00:00:00.0004014" startTime="2025-07-27T23:56:01.4635034+02:00" endTime="2025-07-27T23:56:01.4635035+02:00" testType="13cdc9d9-ddb5-4fa4-a97d-d965ccfc6d4b" outcome="Passed" testListId="8c84fa94-04c1-424b-9868-57a2d4851a1d" relativeResultsDirectory="83bf56e3-8384-42b1-9c7a-c36058a8ec28" />
    <UnitTestResult executionId="77bfa345-c72c-4a97-b359-27901da7abf8" testId="74fd0541-3e38-8aa9-27a4-a8048fce4958" testName="ejercicio5.test.UnitTest1.ObtenerAforoMaximo_DebeRetornarAforosCorrectos" computerName="MSI" duration="00:00:00.0100022" startTime="2025-07-27T23:56:01.4271484+02:00" endTime="2025-07-27T23:56:01.4271674+02:00" testType="13cdc9d9-ddb5-4fa4-a97d-d965ccfc6d4b" outcome="Passed" testListId="8c84fa94-04c1-424b-9868-57a2d4851a1d" relativeResultsDirectory="77bfa345-c72c-4a97-b359-27901da7abf8" />
  </Results>
  <TestDefinitions>
    <UnitTest name="ejercicio5.test.UnitTest1.MuestraCartelera_NoDebeGenerarExcepcion" storage="g:\trabajo\modulos\prog\programaciondam\u8_arrays\ejercicios\2_ejercicios\solucion\2_ejercicios_arrays_solucion\ejercicio5.test\bin\debug\net9.0\ejercicio5.test.dll" id="3a44ad5a-10de-03f7-4fb9-e49797b9e677">
      <Execution id="da79ae03-8c23-415b-9b0d-6adc525cf152" />
      <TestMethod codeBase="G:\TRABAJO\MODULOS\PROG\PROGRAMACIONDAM\u8_arrays\ejercicios\2_ejercicios\solucion\2_ejercicios_arrays_solucion\ejercicio5.test\bin\Debug\net9.0\ejercicio5.test.dll" adapterTypeName="executor://xunit/VsTestRunner2/netcoreapp" className="ejercicio5.test.UnitTest1" name="MuestraCartelera_NoDebeGenerarExcepcion" />
    </UnitTest>
    <UnitTest name="ejercicio5.test.UnitTest1.ObtenerPeliculasSala_DebeContenerPeliculaEspecifica(sala: 1, pelicula: &quot;Avatar&quot;)" storage="g:\trabajo\modulos\prog\programaciondam\u8_arrays\ejercicios\2_ejercicios\solucion\2_ejercicios_arrays_solucion\ejercicio5.test\bin\debug\net9.0\ejercicio5.test.dll" id="7ab9a730-7a79-d15c-8eab-8ae12e3d958f">
      <Execution id="52938eb3-89cf-4332-800f-bac7f16f281e" />
      <TestMethod codeBase="G:\TRABAJO\MODULOS\PROG\PROGRAMACIONDAM\u8_arrays\ejercicios\2_ejercicios\solucion\2_ejercicios_arrays_solucion\ejercicio5.test\bin\Debug\net9.0\ejercicio5.test.dll" adapterTypeName="executor://xunit/VsTestRunner2/netcoreapp" className="ejercicio5.test.UnitTest1" name="ObtenerPeliculasSala_DebeContenerPeliculaEspecifica" />
    </UnitTest>
    <UnitTest name="ejercicio5.test.UnitTest1.ObtenerPeliculasSala_DebeContenerPeliculaEspecifica(sala: 0, pelicula: &quot;Inception&quot;)" storage="g:\trabajo\modulos\prog\programaciondam\u8_arrays\ejercicios\2_ejercicios\solucion\2_ejercicios_arrays_solucion\ejercicio5.test\bin\debug\net9.0\ejercicio5.test.dll" id="e9441c98-b2b3-b6fd-82d6-4051c2809e03">
      <Execution id="f108e568-a506-4b75-9f73-a1f2300d3cda" />
      <TestMethod codeBase="G:\TRABAJO\MODULOS\PROG\PROGRAMACIONDAM\u8_arrays\ejercicios\2_ejercicios\solucion\2_ejercicios_arrays_solucion\ejercicio5.test\bin\Debug\net9.0\ejercicio5.test.dll" adapterTypeName="executor://xunit/VsTestRunner2/netcoreapp" className="ejercicio5.test.UnitTest1" name="ObtenerPeliculasSala_DebeContenerPeliculaEspecifica" />
    </UnitTest>
    <UnitTest name="ejercicio5.test.UnitTest1.ObtenerPeliculasSala_DebeContenerPeliculaEspecifica(sala: 2, pelicula: &quot;Blade Runner&quot;)" storage="g:\trabajo\modulos\prog\programaciondam\u8_arrays\ejercicios\2_ejercicios\solucion\2_ejercicios_arrays_solucion\ejercicio5.test\bin\debug\net9.0\ejercicio5.test.dll" id="ef5b6840-642f-bd0d-1a59-1fab0010cb38">
      <Execution id="c60623df-000f-45f5-84df-dbc6f55f13cb" />
      <TestMethod codeBase="G:\TRABAJO\MODULOS\PROG\PROGRAMACIONDAM\u8_arrays\ejercicios\2_ejercicios\solucion\2_ejercicios_arrays_solucion\ejercicio5.test\bin\Debug\net9.0\ejercicio5.test.dll" adapterTypeName="executor://xunit/VsTestRunner2/netcoreapp" className="ejercicio5.test.UnitTest1" name="ObtenerPeliculasSala_DebeContenerPeliculaEspecifica" />
    </UnitTest>
    <UnitTest name="ejercicio5.test.UnitTest1.PeliculaMasPopular_NoDebeGenerarExcepcion" storage="g:\trabajo\modulos\prog\programaciondam\u8_arrays\ejercicios\2_ejercicios\solucion\2_ejercicios_arrays_solucion\ejercicio5.test\bin\debug\net9.0\ejercicio5.test.dll" id="abb199fa-2408-4a52-08ce-a2e1218747c7">
      <Execution id="4e70cf0b-0805-4d42-ad76-98c32a049d5b" />
      <TestMethod codeBase="G:\TRABAJO\MODULOS\PROG\PROGRAMACIONDAM\u8_arrays\ejercicios\2_ejercicios\solucion\2_ejercicios_arrays_solucion\ejercicio5.test\bin\Debug\net9.0\ejercicio5.test.dll" adapterTypeName="executor://xunit/VsTestRunner2/netcoreapp" className="ejercicio5.test.UnitTest1" name="PeliculaMasPopular_NoDebeGenerarExcepcion" />
    </UnitTest>
    <UnitTest name="ejercicio5.test.UnitTest1.ObtenerPeliculasSala_VerificarOrdenCorrecto" storage="g:\trabajo\modulos\prog\programaciondam\u8_arrays\ejercicios\2_ejercicios\solucion\2_ejercicios_arrays_solucion\ejercicio5.test\bin\debug\net9.0\ejercicio5.test.dll" id="7eb4910d-bb54-e1a5-c0f2-b70c6b44c772">
      <Execution id="30521fd7-4048-4ff1-8c04-50f63b821d9d" />
      <TestMethod codeBase="G:\TRABAJO\MODULOS\PROG\PROGRAMACIONDAM\u8_arrays\ejercicios\2_ejercicios\solucion\2_ejercicios_arrays_solucion\ejercicio5.test\bin\Debug\net9.0\ejercicio5.test.dll" adapterTypeName="executor://xunit/VsTestRunner2/netcoreapp" className="ejercicio5.test.UnitTest1" name="ObtenerPeliculasSala_VerificarOrdenCorrecto" />
    </UnitTest>
    <UnitTest name="ejercicio5.test.UnitTest1.ValidarSeleccionPelicula_DebeValidarCorrectamente" storage="g:\trabajo\modulos\prog\programaciondam\u8_arrays\ejercicios\2_ejercicios\solucion\2_ejercicios_arrays_solucion\ejercicio5.test\bin\debug\net9.0\ejercicio5.test.dll" id="92b05120-ad5d-ed07-31c6-4adab462c0d8">
      <Execution id="83bf56e3-8384-42b1-9c7a-c36058a8ec28" />
      <TestMethod codeBase="G:\TRABAJO\MODULOS\PROG\PROGRAMACIONDAM\u8_arrays\ejercicios\2_ejercicios\solucion\2_ejercicios_arrays_solucion\ejercicio5.test\bin\Debug\net9.0\ejercicio5.test.dll" adapterTypeName="executor://xunit/VsTestRunner2/netcoreapp" className="ejercicio5.test.UnitTest1" name="ValidarSeleccionPelicula_DebeValidarCorrectamente" />
    </UnitTest>
    <UnitTest name="ejercicio5.test.UnitTest1.ObtenerPeliculasSala_DebeRetornarPeliculasCorrectas" storage="g:\trabajo\modulos\prog\programaciondam\u8_arrays\ejercicios\2_ejercicios\solucion\2_ejercicios_arrays_solucion\ejercicio5.test\bin\debug\net9.0\ejercicio5.test.dll" id="234d41a4-8e6f-3c66-3761-07496e8471ff">
      <Execution id="559cd08c-fc57-4132-b267-63cb2c05d31a" />
      <TestMethod codeBase="G:\TRABAJO\MODULOS\PROG\PROGRAMACIONDAM\u8_arrays\ejercicios\2_ejercicios\solucion\2_ejercicios_arrays_solucion\ejercicio5.test\bin\Debug\net9.0\ejercicio5.test.dll" adapterTypeName="executor://xunit/VsTestRunner2/netcoreapp" className="ejercicio5.test.UnitTest1" name="ObtenerPeliculasSala_DebeRetornarPeliculasCorrectas" />
    </UnitTest>
    <UnitTest name="ejercicio5.test.UnitTest1.ObtenerPeliculasSala_DebeContenerPeliculaEspecifica(sala: 2, pelicula: &quot;Dune&quot;)" storage="g:\trabajo\modulos\prog\programaciondam\u8_arrays\ejercicios\2_ejercicios\solucion\2_ejercicios_arrays_solucion\ejercicio5.test\bin\debug\net9.0\ejercicio5.test.dll" id="14af27bf-61e1-24c0-f82e-07cb40296ae0">
      <Execution id="83d40445-de53-42df-97e0-ce64dbca7c2c" />
      <TestMethod codeBase="G:\TRABAJO\MODULOS\PROG\PROGRAMACIONDAM\u8_arrays\ejercicios\2_ejercicios\solucion\2_ejercicios_arrays_solucion\ejercicio5.test\bin\Debug\net9.0\ejercicio5.test.dll" adapterTypeName="executor://xunit/VsTestRunner2/netcoreapp" className="ejercicio5.test.UnitTest1" name="ObtenerPeliculasSala_DebeContenerPeliculaEspecifica" />
    </UnitTest>
    <UnitTest name="ejercicio5.test.UnitTest1.ObtenerPeliculasSala_DebeContenerPeliculaEspecifica(sala: 2, pelicula: &quot;Interstellar&quot;)" storage="g:\trabajo\modulos\prog\programaciondam\u8_arrays\ejercicios\2_ejercicios\solucion\2_ejercicios_arrays_solucion\ejercicio5.test\bin\debug\net9.0\ejercicio5.test.dll" id="9870f067-7916-76aa-136e-4eb6ddeaabd5">
      <Execution id="2a4f3d74-c757-4965-9646-d560677161f3" />
      <TestMethod codeBase="G:\TRABAJO\MODULOS\PROG\PROGRAMACIONDAM\u8_arrays\ejercicios\2_ejercicios\solucion\2_ejercicios_arrays_solucion\ejercicio5.test\bin\Debug\net9.0\ejercicio5.test.dll" adapterTypeName="executor://xunit/VsTestRunner2/netcoreapp" className="ejercicio5.test.UnitTest1" name="ObtenerPeliculasSala_DebeContenerPeliculaEspecifica" />
    </UnitTest>
    <UnitTest name="ejercicio5.test.UnitTest1.ObtenerPeliculasSala_DebeContenerPeliculaEspecifica(sala: 2, pelicula: &quot;Star Wars&quot;)" storage="g:\trabajo\modulos\prog\programaciondam\u8_arrays\ejercicios\2_ejercicios\solucion\2_ejercicios_arrays_solucion\ejercicio5.test\bin\debug\net9.0\ejercicio5.test.dll" id="f7c7ad56-6b7d-c71c-c305-7b91e5a7fb40">
      <Execution id="2674431e-5ce7-400a-87bd-1399b0cd8e33" />
      <TestMethod codeBase="G:\TRABAJO\MODULOS\PROG\PROGRAMACIONDAM\u8_arrays\ejercicios\2_ejercicios\solucion\2_ejercicios_arrays_solucion\ejercicio5.test\bin\Debug\net9.0\ejercicio5.test.dll" adapterTypeName="executor://xunit/VsTestRunner2/netcoreapp" className="ejercicio5.test.UnitTest1" name="ObtenerPeliculasSala_DebeContenerPeliculaEspecifica" />
    </UnitTest>
    <UnitTest name="ejercicio5.test.UnitTest1.ObtenerAforoMaximo_DebeRetornarAforosCorrectos" storage="g:\trabajo\modulos\prog\programaciondam\u8_arrays\ejercicios\2_ejercicios\solucion\2_ejercicios_arrays_solucion\ejercicio5.test\bin\debug\net9.0\ejercicio5.test.dll" id="74fd0541-3e38-8aa9-27a4-a8048fce4958">
      <Execution id="77bfa345-c72c-4a97-b359-27901da7abf8" />
      <TestMethod codeBase="G:\TRABAJO\MODULOS\PROG\PROGRAMACIONDAM\u8_arrays\ejercicios\2_ejercicios\solucion\2_ejercicios_arrays_solucion\ejercicio5.test\bin\Debug\net9.0\ejercicio5.test.dll" adapterTypeName="executor://xunit/VsTestRunner2/netcoreapp" className="ejercicio5.test.UnitTest1" name="ObtenerAforoMaximo_DebeRetornarAforosCorrectos" />
    </UnitTest>
    <UnitTest name="ejercicio5.test.UnitTest1.LetraSala_DebeRetornarLetraCorrecta" storage="g:\trabajo\modulos\prog\programaciondam\u8_arrays\ejercicios\2_ejercicios\solucion\2_ejercicios_arrays_solucion\ejercicio5.test\bin\debug\net9.0\ejercicio5.test.dll" id="cf2574b1-b45d-e696-11dd-a65721aa6c4b">
      <Execution id="4ab47211-64ac-4318-ac04-bd25c4d695dc" />
      <TestMethod codeBase="G:\TRABAJO\MODULOS\PROG\PROGRAMACIONDAM\u8_arrays\ejercicios\2_ejercicios\solucion\2_ejercicios_arrays_solucion\ejercicio5.test\bin\Debug\net9.0\ejercicio5.test.dll" adapterTypeName="executor://xunit/VsTestRunner2/netcoreapp" className="ejercicio5.test.UnitTest1" name="LetraSala_DebeRetornarLetraCorrecta" />
    </UnitTest>
    <UnitTest name="ejercicio5.test.UnitTest1.ObtenerPeliculasSala_DebeContenerPeliculaEspecifica(sala: 1, pelicula: &quot;Titanic&quot;)" storage="g:\trabajo\modulos\prog\programaciondam\u8_arrays\ejercicios\2_ejercicios\solucion\2_ejercicios_arrays_solucion\ejercicio5.test\bin\debug\net9.0\ejercicio5.test.dll" id="06a2e199-5b9d-1e6a-c996-7c96e93f29f8">
      <Execution id="332e64c2-16b9-473f-b290-b65f0a125d43" />
      <TestMethod codeBase="G:\TRABAJO\MODULOS\PROG\PROGRAMACIONDAM\u8_arrays\ejercicios\2_ejercicios\solucion\2_ejercicios_arrays_solucion\ejercicio5.test\bin\Debug\net9.0\ejercicio5.test.dll" adapterTypeName="executor://xunit/VsTestRunner2/netcoreapp" className="ejercicio5.test.UnitTest1" name="ObtenerPeliculasSala_DebeContenerPeliculaEspecifica" />
    </UnitTest>
    <UnitTest name="ejercicio5.test.UnitTest1.ValidarSeleccionPelicula_ConSalaInvalida_DebeRetornarFalso" storage="g:\trabajo\modulos\prog\programaciondam\u8_arrays\ejercicios\2_ejercicios\solucion\2_ejercicios_arrays_solucion\ejercicio5.test\bin\debug\net9.0\ejercicio5.test.dll" id="1a0bb37e-ab57-22e8-5241-6e6d66209beb">
      <Execution id="e2263123-5eeb-469f-933a-f439dda8098e" />
      <TestMethod codeBase="G:\TRABAJO\MODULOS\PROG\PROGRAMACIONDAM\u8_arrays\ejercicios\2_ejercicios\solucion\2_ejercicios_arrays_solucion\ejercicio5.test\bin\Debug\net9.0\ejercicio5.test.dll" adapterTypeName="executor://xunit/VsTestRunner2/netcoreapp" className="ejercicio5.test.UnitTest1" name="ValidarSeleccionPelicula_ConSalaInvalida_DebeRetornarFalso" />
    </UnitTest>
    <UnitTest name="ejercicio5.test.UnitTest1.ObtenerPeliculasSala_DebeContenerPeliculaEspecifica(sala: 0, pelicula: &quot;Avengers&quot;)" storage="g:\trabajo\modulos\prog\programaciondam\u8_arrays\ejercicios\2_ejercicios\solucion\2_ejercicios_arrays_solucion\ejercicio5.test\bin\debug\net9.0\ejercicio5.test.dll" id="ef92e65f-adc9-eb40-eefd-f32dbbdd74e6">
      <Execution id="63090010-1446-43cb-83f2-cf5b480bbbd9" />
      <TestMethod codeBase="G:\TRABAJO\MODULOS\PROG\PROGRAMACIONDAM\u8_arrays\ejercicios\2_ejercicios\solucion\2_ejercicios_arrays_solucion\ejercicio5.test\bin\Debug\net9.0\ejercicio5.test.dll" adapterTypeName="executor://xunit/VsTestRunner2/netcoreapp" className="ejercicio5.test.UnitTest1" name="ObtenerPeliculasSala_DebeContenerPeliculaEspecifica" />
    </UnitTest>
    <UnitTest name="ejercicio5.test.UnitTest1.ObtenerPeliculasSala_DebeContenerPeliculaEspecifica(sala: 0, pelicula: &quot;Matrix&quot;)" storage="g:\trabajo\modulos\prog\programaciondam\u8_arrays\ejercicios\2_ejercicios\solucion\2_ejercicios_arrays_solucion\ejercicio5.test\bin\debug\net9.0\ejercicio5.test.dll" id="916494cb-7f01-fbe2-afa8-7d3431b47f5f">
      <Execution id="efd97884-8e49-407d-a977-8c0bbf7c04e5" />
      <TestMethod codeBase="G:\TRABAJO\MODULOS\PROG\PROGRAMACIONDAM\u8_arrays\ejercicios\2_ejercicios\solucion\2_ejercicios_arrays_solucion\ejercicio5.test\bin\Debug\net9.0\ejercicio5.test.dll" adapterTypeName="executor://xunit/VsTestRunner2/netcoreapp" className="ejercicio5.test.UnitTest1" name="ObtenerPeliculasSala_DebeContenerPeliculaEspecifica" />
    </UnitTest>
    <UnitTest name="ejercicio5.test.UnitTest1.EstadisticasCompletas_NoDebeGenerarExcepcion" storage="g:\trabajo\modulos\prog\programaciondam\u8_arrays\ejercicios\2_ejercicios\solucion\2_ejercicios_arrays_solucion\ejercicio5.test\bin\debug\net9.0\ejercicio5.test.dll" id="112f8195-ed83-fa47-c49c-ac23f16c851b">
      <Execution id="e6bd1fd5-57c6-45b6-a4e9-05a71956a3d1" />
      <TestMethod codeBase="G:\TRABAJO\MODULOS\PROG\PROGRAMACIONDAM\u8_arrays\ejercicios\2_ejercicios\solucion\2_ejercicios_arrays_solucion\ejercicio5.test\bin\Debug\net9.0\ejercicio5.test.dll" adapterTypeName="executor://xunit/VsTestRunner2/netcoreapp" className="ejercicio5.test.UnitTest1" name="EstadisticasCompletas_NoDebeGenerarExcepcion" />
    </UnitTest>
  </TestDefinitions>
  <TestEntries>
    <TestEntry testId="14af27bf-61e1-24c0-f82e-07cb40296ae0" executionId="83d40445-de53-42df-97e0-ce64dbca7c2c" testListId="8c84fa94-04c1-424b-9868-57a2d4851a1d" />
    <TestEntry testId="06a2e199-5b9d-1e6a-c996-7c96e93f29f8" executionId="332e64c2-16b9-473f-b290-b65f0a125d43" testListId="8c84fa94-04c1-424b-9868-57a2d4851a1d" />
    <TestEntry testId="7eb4910d-bb54-e1a5-c0f2-b70c6b44c772" executionId="30521fd7-4048-4ff1-8c04-50f63b821d9d" testListId="8c84fa94-04c1-424b-9868-57a2d4851a1d" />
    <TestEntry testId="ef92e65f-adc9-eb40-eefd-f32dbbdd74e6" executionId="63090010-1446-43cb-83f2-cf5b480bbbd9" testListId="8c84fa94-04c1-424b-9868-57a2d4851a1d" />
    <TestEntry testId="112f8195-ed83-fa47-c49c-ac23f16c851b" executionId="e6bd1fd5-57c6-45b6-a4e9-05a71956a3d1" testListId="8c84fa94-04c1-424b-9868-57a2d4851a1d" />
    <TestEntry testId="ef5b6840-642f-bd0d-1a59-1fab0010cb38" executionId="c60623df-000f-45f5-84df-dbc6f55f13cb" testListId="8c84fa94-04c1-424b-9868-57a2d4851a1d" />
    <TestEntry testId="f7c7ad56-6b7d-c71c-c305-7b91e5a7fb40" executionId="2674431e-5ce7-400a-87bd-1399b0cd8e33" testListId="8c84fa94-04c1-424b-9868-57a2d4851a1d" />
    <TestEntry testId="cf2574b1-b45d-e696-11dd-a65721aa6c4b" executionId="4ab47211-64ac-4318-ac04-bd25c4d695dc" testListId="8c84fa94-04c1-424b-9868-57a2d4851a1d" />
    <TestEntry testId="1a0bb37e-ab57-22e8-5241-6e6d66209beb" executionId="e2263123-5eeb-469f-933a-f439dda8098e" testListId="8c84fa94-04c1-424b-9868-57a2d4851a1d" />
    <TestEntry testId="e9441c98-b2b3-b6fd-82d6-4051c2809e03" executionId="f108e568-a506-4b75-9f73-a1f2300d3cda" testListId="8c84fa94-04c1-424b-9868-57a2d4851a1d" />
    <TestEntry testId="9870f067-7916-76aa-136e-4eb6ddeaabd5" executionId="2a4f3d74-c757-4965-9646-d560677161f3" testListId="8c84fa94-04c1-424b-9868-57a2d4851a1d" />
    <TestEntry testId="7ab9a730-7a79-d15c-8eab-8ae12e3d958f" executionId="52938eb3-89cf-4332-800f-bac7f16f281e" testListId="8c84fa94-04c1-424b-9868-57a2d4851a1d" />
    <TestEntry testId="234d41a4-8e6f-3c66-3761-07496e8471ff" executionId="559cd08c-fc57-4132-b267-63cb2c05d31a" testListId="8c84fa94-04c1-424b-9868-57a2d4851a1d" />
    <TestEntry testId="3a44ad5a-10de-03f7-4fb9-e49797b9e677" executionId="da79ae03-8c23-415b-9b0d-6adc525cf152" testListId="8c84fa94-04c1-424b-9868-57a2d4851a1d" />
    <TestEntry testId="abb199fa-2408-4a52-08ce-a2e1218747c7" executionId="4e70cf0b-0805-4d42-ad76-98c32a049d5b" testListId="8c84fa94-04c1-424b-9868-57a2d4851a1d" />
    <TestEntry testId="916494cb-7f01-fbe2-afa8-7d3431b47f5f" executionId="efd97884-8e49-407d-a977-8c0bbf7c04e5" testListId="8c84fa94-04c1-424b-9868-57a2d4851a1d" />
    <TestEntry testId="92b05120-ad5d-ed07-31c6-4adab462c0d8" executionId="83bf56e3-8384-42b1-9c7a-c36058a8ec28" testListId="8c84fa94-04c1-424b-9868-57a2d4851a1d" />
    <TestEntry testId="74fd0541-3e38-8aa9-27a4-a8048fce4958" executionId="77bfa345-c72c-4a97-b359-27901da7abf8" testListId="8c84fa94-04c1-424b-9868-57a2d4851a1d" />
  </TestEntries>
  <TestLists>
    <TestList name="Resultados sin formato de lista" id="8c84fa94-04c1-424b-9868-57a2d4851a1d" />
    <TestList name="Todos los resultados cargados" id="19431567-8539-422a-85d7-44ee4e166bda" />
  </TestLists>
  <ResultSummary outcome="Completed">
    <Counters total="18" executed="18" passed="18" failed="0" error="0" timeout="0" aborted="0" inconclusive="0" passedButRunAborted="0" notRunnable="0" notExecuted="0" disconnected="0" warning="0" completed="0" inProgress="0" pending="0" />
    <Output>
      <StdOut>[xUnit.net 00:00:00.00] xUnit.net VSTest Adapter v2.8.2+699d445a1a (64-bit .NET 9.0.2)&#xD;
[xUnit.net 00:00:00.09]   Discovering: ejercicio5.test&#xD;
[xUnit.net 00:00:00.14]   Discovered:  ejercicio5.test&#xD;
[xUnit.net 00:00:00.15]   Starting:    ejercicio5.test&#xD;
=== PEL�CULA M�S POPULAR ===&#xD;
Pel�cula: "Avengers" (Sala A)&#xD;
Total entradas vendidas: 0&#xD;
Sesiones: 0&#xD;
=== ESTAD�STICA DE AFORO ===&#xD;
                Sesi�n1    Sesi�n2    Sesi�n3    Total&#xD;
Sala A (3 films)        0        0        0       0&#xD;
Sala B (2 films)        0        0        0       0&#xD;
Sala C (4 films)        0        0        0       0&#xD;
=== DETALLE POR PEL�CULA ===&#xD;
Sala A - Avengers: 0 entradas&#xD;
Sala A - Matrix: 0 entradas&#xD;
Sala A - Inception: 0 entradas&#xD;
Sala B - Titanic: 0 entradas&#xD;
Sala B - Avatar: 0 entradas&#xD;
Sala C - Interstellar: 0 entradas&#xD;
Sala C - Dune: 0 entradas&#xD;
Sala C - Blade Runner: 0 entradas&#xD;
Sala C - Star Wars: 0 entradas&#xD;
CARTELERA ACTUAL:&#xD;
Sala A: ["Avengers", "Matrix", "Inception"]&#xD;
Sala B: ["Titanic", "Avatar"]&#xD;
Sala C: ["Interstellar", "Dune", "Blade Runner", "Star Wars"]&#xD;
[xUnit.net 00:00:00.24]   Finished:    ejercicio5.test&#xD;
</StdOut>
    </Output>
  </ResultSummary>
</TestRun>