<?xml version="1.0" encoding="utf-8"?>
<TestRun id="b74273fa-f34a-4ebb-a548-f730241863c5" name="xusa@MSI 2025-07-27 23:56:01" runUser="MSI\xusa" xmlns="http://microsoft.com/schemas/VisualStudio/TeamTest/2010">
  <Times creation="2025-07-27T23:56:01.5405366+02:00" queuing="2025-07-27T23:56:01.5405380+02:00" start="2025-07-27T23:56:00.6660104+02:00" finish="2025-07-27T23:56:01.5491073+02:00" />
  <TestSettings name="default" id="4e0f82ab-8d2a-4201-81d1-9fa31cece628">
    <Deployment runDeploymentRoot="xusa_MSI_2025-07-27_23_56_01" />
  </TestSettings>
  <Results>
    <UnitTestResult executionId="9a676f34-a974-4a55-baa2-54b17bee27fa" testId="7bfdd6e4-c342-4161-740e-77d39216c3f3" testName="ejercicio4.test.UnitTest1.CuentaFloresPorColor_ConJardinVacio_DebeRetornarArrayVacio" computerName="MSI" duration="00:00:00.0009900" startTime="2025-07-27T23:56:01.4005341+02:00" endTime="2025-07-27T23:56:01.4005343+02:00" testType="13cdc9d9-ddb5-4fa4-a97d-d965ccfc6d4b" outcome="Passed" testListId="8c84fa94-04c1-424b-9868-57a2d4851a1d" relativeResultsDirectory="9a676f34-a974-4a55-baa2-54b17bee27fa" />
    <UnitTestResult executionId="ea577347-6eb2-4e12-9d16-9bc59a866028" testId="57c25638-c3f3-767d-7ff0-2a7bbd495ffa" testName="ejercicio4.test.UnitTest1.ColorMasAlto_ConUnSoloColor_DebeRetornarEseColor" computerName="MSI" duration="00:00:00.0001330" startTime="2025-07-27T23:56:01.3988300+02:00" endTime="2025-07-27T23:56:01.3988301+02:00" testType="13cdc9d9-ddb5-4fa4-a97d-d965ccfc6d4b" outcome="Passed" testListId="8c84fa94-04c1-424b-9868-57a2d4851a1d" relativeResultsDirectory="ea577347-6eb2-4e12-9d16-9bc59a866028" />
    <UnitTestResult executionId="2e2ec999-437c-434c-9460-30693fd4727c" testId="039d7705-7796-0dde-a46f-a530411116c8" testName="ejercicio4.test.UnitTest1.MuestraInventarioColoresFlores_ConCerosEnInventario_NoDebeGenerar" computerName="MSI" duration="00:00:00.0002376" startTime="2025-07-27T23:56:01.3989928+02:00" endTime="2025-07-27T23:56:01.3989930+02:00" testType="13cdc9d9-ddb5-4fa4-a97d-d965ccfc6d4b" outcome="Passed" testListId="8c84fa94-04c1-424b-9868-57a2d4851a1d" relativeResultsDirectory="2e2ec999-437c-434c-9460-30693fd4727c" />
    <UnitTestResult executionId="c11009d5-c1ca-4057-9ee9-f43a4ade8648" testId="4e4a9cf3-bf7b-db50-6225-de97d60564d8" testName="ejercicio4.test.UnitTest1.ColorMasAlto_DebeEncontrarElColorMasAlto" computerName="MSI" duration="00:00:00.0001499" startTime="2025-07-27T23:56:01.3992020+02:00" endTime="2025-07-27T23:56:01.3992021+02:00" testType="13cdc9d9-ddb5-4fa4-a97d-d965ccfc6d4b" outcome="Passed" testListId="8c84fa94-04c1-424b-9868-57a2d4851a1d" relativeResultsDirectory="c11009d5-c1ca-4057-9ee9-f43a4ade8648" />
    <UnitTestResult executionId="0011c4a9-977c-44e7-8d2d-f44998df4446" testId="c7b27008-867b-6fe6-39f7-f0845a20df01" testName="ejercicio4.test.UnitTest1.Muestra_NoDebeGenerarExcepcion" computerName="MSI" duration="00:00:00.0077083" startTime="2025-07-27T23:56:01.3942764+02:00" endTime="2025-07-27T23:56:01.3942936+02:00" testType="13cdc9d9-ddb5-4fa4-a97d-d965ccfc6d4b" outcome="Passed" testListId="8c84fa94-04c1-424b-9868-57a2d4851a1d" relativeResultsDirectory="0011c4a9-977c-44e7-8d2d-f44998df4446" />
    <UnitTestResult executionId="3a4cb2a1-05dd-443f-99cc-adaa193b99e2" testId="80ae8fd2-4983-017a-d032-942dc3a29410" testName="ejercicio4.test.UnitTest1.CuentaFloresPorColor_ConVariosColores_DebeContarTodos" computerName="MSI" duration="00:00:00.0038114" startTime="2025-07-27T23:56:01.3977638+02:00" endTime="2025-07-27T23:56:01.3977640+02:00" testType="13cdc9d9-ddb5-4fa4-a97d-d965ccfc6d4b" outcome="Passed" testListId="8c84fa94-04c1-424b-9868-57a2d4851a1d" relativeResultsDirectory="3a4cb2a1-05dd-443f-99cc-adaa193b99e2" />
    <UnitTestResult executionId="274847ed-0a26-4b68-81a2-4a6668194dad" testId="18e10bc6-57e8-301c-bde3-ea7ecb36edfa" testName="ejercicio4.test.UnitTest1.CuentaFloresPorColor_DebeContarCorrectamente" computerName="MSI" duration="00:00:00.0002189" startTime="2025-07-27T23:56:01.3994625+02:00" endTime="2025-07-27T23:56:01.3994627+02:00" testType="13cdc9d9-ddb5-4fa4-a97d-d965ccfc6d4b" outcome="Passed" testListId="8c84fa94-04c1-424b-9868-57a2d4851a1d" relativeResultsDirectory="274847ed-0a26-4b68-81a2-4a6668194dad" />
    <UnitTestResult executionId="c1eb7def-1836-4896-951a-3ca2bbec33b7" testId="63fa3c1c-79b8-6212-7d62-9bcae77a376a" testName="ejercicio4.test.UnitTest1.ColorMasAlto_ConColoresNegativos_DebeEncontrarElMayor" computerName="MSI" duration="00:00:00.0001671" startTime="2025-07-27T23:56:01.3982287+02:00" endTime="2025-07-27T23:56:01.3982288+02:00" testType="13cdc9d9-ddb5-4fa4-a97d-d965ccfc6d4b" outcome="Passed" testListId="8c84fa94-04c1-424b-9868-57a2d4851a1d" relativeResultsDirectory="c1eb7def-1836-4896-951a-3ca2bbec33b7" />
    <UnitTestResult executionId="8916a257-551e-41dd-9f7b-58cf005893a7" testId="3e81dd69-ef13-9b62-b2bb-4b2fe35833ed" testName="ejercicio4.test.UnitTest1.MuestraInventarioColoresFlores_NoDebeGenerarExcepcion" computerName="MSI" duration="00:00:00.0005199" startTime="2025-07-27T23:56:01.3985699+02:00" endTime="2025-07-27T23:56:01.3985700+02:00" testType="13cdc9d9-ddb5-4fa4-a97d-d965ccfc6d4b" outcome="Passed" testListId="8c84fa94-04c1-424b-9868-57a2d4851a1d" relativeResultsDirectory="8916a257-551e-41dd-9f7b-58cf005893a7" />
  </Results>
  <TestDefinitions>
    <UnitTest name="ejercicio4.test.UnitTest1.ColorMasAlto_ConUnSoloColor_DebeRetornarEseColor" storage="g:\trabajo\modulos\prog\programaciondam\u8_arrays\ejercicios\2_ejercicios\solucion\2_ejercicios_arrays_solucion\ejercicio4.test\bin\debug\net9.0\ejercicio4.test.dll" id="57c25638-c3f3-767d-7ff0-2a7bbd495ffa">
      <Execution id="ea577347-6eb2-4e12-9d16-9bc59a866028" />
      <TestMethod codeBase="G:\TRABAJO\MODULOS\PROG\PROGRAMACIONDAM\u8_arrays\ejercicios\2_ejercicios\solucion\2_ejercicios_arrays_solucion\ejercicio4.test\bin\Debug\net9.0\ejercicio4.test.dll" adapterTypeName="executor://xunit/VsTestRunner2/netcoreapp" className="ejercicio4.test.UnitTest1" name="ColorMasAlto_ConUnSoloColor_DebeRetornarEseColor" />
    </UnitTest>
    <UnitTest name="ejercicio4.test.UnitTest1.ColorMasAlto_ConColoresNegativos_DebeEncontrarElMayor" storage="g:\trabajo\modulos\prog\programaciondam\u8_arrays\ejercicios\2_ejercicios\solucion\2_ejercicios_arrays_solucion\ejercicio4.test\bin\debug\net9.0\ejercicio4.test.dll" id="63fa3c1c-79b8-6212-7d62-9bcae77a376a">
      <Execution id="c1eb7def-1836-4896-951a-3ca2bbec33b7" />
      <TestMethod codeBase="G:\TRABAJO\MODULOS\PROG\PROGRAMACIONDAM\u8_arrays\ejercicios\2_ejercicios\solucion\2_ejercicios_arrays_solucion\ejercicio4.test\bin\Debug\net9.0\ejercicio4.test.dll" adapterTypeName="executor://xunit/VsTestRunner2/netcoreapp" className="ejercicio4.test.UnitTest1" name="ColorMasAlto_ConColoresNegativos_DebeEncontrarElMayor" />
    </UnitTest>
    <UnitTest name="ejercicio4.test.UnitTest1.CuentaFloresPorColor_ConVariosColores_DebeContarTodos" storage="g:\trabajo\modulos\prog\programaciondam\u8_arrays\ejercicios\2_ejercicios\solucion\2_ejercicios_arrays_solucion\ejercicio4.test\bin\debug\net9.0\ejercicio4.test.dll" id="80ae8fd2-4983-017a-d032-942dc3a29410">
      <Execution id="3a4cb2a1-05dd-443f-99cc-adaa193b99e2" />
      <TestMethod codeBase="G:\TRABAJO\MODULOS\PROG\PROGRAMACIONDAM\u8_arrays\ejercicios\2_ejercicios\solucion\2_ejercicios_arrays_solucion\ejercicio4.test\bin\Debug\net9.0\ejercicio4.test.dll" adapterTypeName="executor://xunit/VsTestRunner2/netcoreapp" className="ejercicio4.test.UnitTest1" name="CuentaFloresPorColor_ConVariosColores_DebeContarTodos" />
    </UnitTest>
    <UnitTest name="ejercicio4.test.UnitTest1.ColorMasAlto_DebeEncontrarElColorMasAlto" storage="g:\trabajo\modulos\prog\programaciondam\u8_arrays\ejercicios\2_ejercicios\solucion\2_ejercicios_arrays_solucion\ejercicio4.test\bin\debug\net9.0\ejercicio4.test.dll" id="4e4a9cf3-bf7b-db50-6225-de97d60564d8">
      <Execution id="c11009d5-c1ca-4057-9ee9-f43a4ade8648" />
      <TestMethod codeBase="G:\TRABAJO\MODULOS\PROG\PROGRAMACIONDAM\u8_arrays\ejercicios\2_ejercicios\solucion\2_ejercicios_arrays_solucion\ejercicio4.test\bin\Debug\net9.0\ejercicio4.test.dll" adapterTypeName="executor://xunit/VsTestRunner2/netcoreapp" className="ejercicio4.test.UnitTest1" name="ColorMasAlto_DebeEncontrarElColorMasAlto" />
    </UnitTest>
    <UnitTest name="ejercicio4.test.UnitTest1.CuentaFloresPorColor_ConJardinVacio_DebeRetornarArrayVacio" storage="g:\trabajo\modulos\prog\programaciondam\u8_arrays\ejercicios\2_ejercicios\solucion\2_ejercicios_arrays_solucion\ejercicio4.test\bin\debug\net9.0\ejercicio4.test.dll" id="7bfdd6e4-c342-4161-740e-77d39216c3f3">
      <Execution id="9a676f34-a974-4a55-baa2-54b17bee27fa" />
      <TestMethod codeBase="G:\TRABAJO\MODULOS\PROG\PROGRAMACIONDAM\u8_arrays\ejercicios\2_ejercicios\solucion\2_ejercicios_arrays_solucion\ejercicio4.test\bin\Debug\net9.0\ejercicio4.test.dll" adapterTypeName="executor://xunit/VsTestRunner2/netcoreapp" className="ejercicio4.test.UnitTest1" name="CuentaFloresPorColor_ConJardinVacio_DebeRetornarArrayVacio" />
    </UnitTest>
    <UnitTest name="ejercicio4.test.UnitTest1.CuentaFloresPorColor_DebeContarCorrectamente" storage="g:\trabajo\modulos\prog\programaciondam\u8_arrays\ejercicios\2_ejercicios\solucion\2_ejercicios_arrays_solucion\ejercicio4.test\bin\debug\net9.0\ejercicio4.test.dll" id="18e10bc6-57e8-301c-bde3-ea7ecb36edfa">
      <Execution id="274847ed-0a26-4b68-81a2-4a6668194dad" />
      <TestMethod codeBase="G:\TRABAJO\MODULOS\PROG\PROGRAMACIONDAM\u8_arrays\ejercicios\2_ejercicios\solucion\2_ejercicios_arrays_solucion\ejercicio4.test\bin\Debug\net9.0\ejercicio4.test.dll" adapterTypeName="executor://xunit/VsTestRunner2/netcoreapp" className="ejercicio4.test.UnitTest1" name="CuentaFloresPorColor_DebeContarCorrectamente" />
    </UnitTest>
    <UnitTest name="ejercicio4.test.UnitTest1.MuestraInventarioColoresFlores_NoDebeGenerarExcepcion" storage="g:\trabajo\modulos\prog\programaciondam\u8_arrays\ejercicios\2_ejercicios\solucion\2_ejercicios_arrays_solucion\ejercicio4.test\bin\debug\net9.0\ejercicio4.test.dll" id="3e81dd69-ef13-9b62-b2bb-4b2fe35833ed">
      <Execution id="8916a257-551e-41dd-9f7b-58cf005893a7" />
      <TestMethod codeBase="G:\TRABAJO\MODULOS\PROG\PROGRAMACIONDAM\u8_arrays\ejercicios\2_ejercicios\solucion\2_ejercicios_arrays_solucion\ejercicio4.test\bin\Debug\net9.0\ejercicio4.test.dll" adapterTypeName="executor://xunit/VsTestRunner2/netcoreapp" className="ejercicio4.test.UnitTest1" name="MuestraInventarioColoresFlores_NoDebeGenerarExcepcion" />
    </UnitTest>
    <UnitTest name="ejercicio4.test.UnitTest1.MuestraInventarioColoresFlores_ConCerosEnInventario_NoDebeGenerar" storage="g:\trabajo\modulos\prog\programaciondam\u8_arrays\ejercicios\2_ejercicios\solucion\2_ejercicios_arrays_solucion\ejercicio4.test\bin\debug\net9.0\ejercicio4.test.dll" id="039d7705-7796-0dde-a46f-a530411116c8">
      <Execution id="2e2ec999-437c-434c-9460-30693fd4727c" />
      <TestMethod codeBase="G:\TRABAJO\MODULOS\PROG\PROGRAMACIONDAM\u8_arrays\ejercicios\2_ejercicios\solucion\2_ejercicios_arrays_solucion\ejercicio4.test\bin\Debug\net9.0\ejercicio4.test.dll" adapterTypeName="executor://xunit/VsTestRunner2/netcoreapp" className="ejercicio4.test.UnitTest1" name="MuestraInventarioColoresFlores_ConCerosEnInventario_NoDebeGenerar" />
    </UnitTest>
    <UnitTest name="ejercicio4.test.UnitTest1.Muestra_NoDebeGenerarExcepcion" storage="g:\trabajo\modulos\prog\programaciondam\u8_arrays\ejercicios\2_ejercicios\solucion\2_ejercicios_arrays_solucion\ejercicio4.test\bin\debug\net9.0\ejercicio4.test.dll" id="c7b27008-867b-6fe6-39f7-f0845a20df01">
      <Execution id="0011c4a9-977c-44e7-8d2d-f44998df4446" />
      <TestMethod codeBase="G:\TRABAJO\MODULOS\PROG\PROGRAMACIONDAM\u8_arrays\ejercicios\2_ejercicios\solucion\2_ejercicios_arrays_solucion\ejercicio4.test\bin\Debug\net9.0\ejercicio4.test.dll" adapterTypeName="executor://xunit/VsTestRunner2/netcoreapp" className="ejercicio4.test.UnitTest1" name="Muestra_NoDebeGenerarExcepcion" />
    </UnitTest>
  </TestDefinitions>
  <TestEntries>
    <TestEntry testId="7bfdd6e4-c342-4161-740e-77d39216c3f3" executionId="9a676f34-a974-4a55-baa2-54b17bee27fa" testListId="8c84fa94-04c1-424b-9868-57a2d4851a1d" />
    <TestEntry testId="57c25638-c3f3-767d-7ff0-2a7bbd495ffa" executionId="ea577347-6eb2-4e12-9d16-9bc59a866028" testListId="8c84fa94-04c1-424b-9868-57a2d4851a1d" />
    <TestEntry testId="039d7705-7796-0dde-a46f-a530411116c8" executionId="2e2ec999-437c-434c-9460-30693fd4727c" testListId="8c84fa94-04c1-424b-9868-57a2d4851a1d" />
    <TestEntry testId="4e4a9cf3-bf7b-db50-6225-de97d60564d8" executionId="c11009d5-c1ca-4057-9ee9-f43a4ade8648" testListId="8c84fa94-04c1-424b-9868-57a2d4851a1d" />
    <TestEntry testId="c7b27008-867b-6fe6-39f7-f0845a20df01" executionId="0011c4a9-977c-44e7-8d2d-f44998df4446" testListId="8c84fa94-04c1-424b-9868-57a2d4851a1d" />
    <TestEntry testId="80ae8fd2-4983-017a-d032-942dc3a29410" executionId="3a4cb2a1-05dd-443f-99cc-adaa193b99e2" testListId="8c84fa94-04c1-424b-9868-57a2d4851a1d" />
    <TestEntry testId="18e10bc6-57e8-301c-bde3-ea7ecb36edfa" executionId="274847ed-0a26-4b68-81a2-4a6668194dad" testListId="8c84fa94-04c1-424b-9868-57a2d4851a1d" />
    <TestEntry testId="63fa3c1c-79b8-6212-7d62-9bcae77a376a" executionId="c1eb7def-1836-4896-951a-3ca2bbec33b7" testListId="8c84fa94-04c1-424b-9868-57a2d4851a1d" />
    <TestEntry testId="3e81dd69-ef13-9b62-b2bb-4b2fe35833ed" executionId="8916a257-551e-41dd-9f7b-58cf005893a7" testListId="8c84fa94-04c1-424b-9868-57a2d4851a1d" />
  </TestEntries>
  <TestLists>
    <TestList name="Resultados sin formato de lista" id="8c84fa94-04c1-424b-9868-57a2d4851a1d" />
    <TestList name="Todos los resultados cargados" id="19431567-8539-422a-85d7-44ee4e166bda" />
  </TestLists>
  <ResultSummary outcome="Completed">
    <Counters total="9" executed="9" passed="9" failed="0" error="0" timeout="0" aborted="0" inconclusive="0" passedButRunAborted="0" notRunnable="0" notExecuted="0" disconnected="0" warning="0" completed="0" inProgress="0" pending="0" />
    <Output>
      <StdOut>[xUnit.net 00:00:00.00] xUnit.net VSTest Adapter v2.8.2+699d445a1a (64-bit .NET 9.0.2)&#xD;
[xUnit.net 00:00:00.08]   Discovering: ejercicio4.test&#xD;
[xUnit.net 00:00:00.12]   Discovered:  ejercicio4.test&#xD;
[xUnit.net 00:00:00.13]   Starting:    ejercicio4.test&#xD;
1 2 3 &#xD;
4 5 &#xD;
Color 1: 3 flores&#xD;
Color 2: 4 flores&#xD;
Color 3: 4 flores&#xD;
Color 4: 2 flores&#xD;
Color 5: 1 flores&#xD;
Color 2: 2 flores&#xD;
Color 4: 1 flores&#xD;
[xUnit.net 00:00:00.19]   Finished:    ejercicio4.test&#xD;
</StdOut>
    </Output>
  </ResultSummary>
</TestRun>