<?xml version="1.0" encoding="utf-8"?>
<TestRun id="46b1bc09-61b2-46fe-aa90-791c0971459f" name="xusa@MSI 2025-07-27 23:56:02" runUser="MSI\xusa" xmlns="http://microsoft.com/schemas/VisualStudio/TeamTest/2010">
  <Times creation="2025-07-27T23:56:02.0130482+02:00" queuing="2025-07-27T23:56:02.0130488+02:00" start="2025-07-27T23:56:01.1690034+02:00" finish="2025-07-27T23:56:02.0231574+02:00" />
  <TestSettings name="default" id="5f0a3c20-db33-464c-a10e-9e68d9bb6a88">
    <Deployment runDeploymentRoot="xusa_MSI_2025-07-27_23_56_02" />
  </TestSettings>
  <Results>
    <UnitTestResult executionId="d1db4115-8702-44af-9b4f-759b273176e1" testId="72c959cc-aa0c-11c3-2aaf-f3c35d81781d" testName="ejercicio1.test.UnitTest1.MuestraArray_NoDebeGenerarExcepcion" computerName="MSI" duration="00:00:00.0030531" startTime="2025-07-27T23:56:01.8711847+02:00" endTime="2025-07-27T23:56:01.8711848+02:00" testType="13cdc9d9-ddb5-4fa4-a97d-d965ccfc6d4b" outcome="Passed" testListId="8c84fa94-04c1-424b-9868-57a2d4851a1d" relativeResultsDirectory="d1db4115-8702-44af-9b4f-759b273176e1" />
    <UnitTestResult executionId="f28788e3-9592-4b3e-9644-9303d85666ca" testId="3019f54b-7280-ec41-e263-df410f78a692" testName="ejercicio1.test.UnitTest1.RellenaConPatron_Array10x10_DebeRellenarCorrectamente" computerName="MSI" duration="00:00:00.0002983" startTime="2025-07-27T23:56:01.8706109+02:00" endTime="2025-07-27T23:56:01.8706112+02:00" testType="13cdc9d9-ddb5-4fa4-a97d-d965ccfc6d4b" outcome="Passed" testListId="8c84fa94-04c1-424b-9868-57a2d4851a1d" relativeResultsDirectory="f28788e3-9592-4b3e-9644-9303d85666ca" />
    <UnitTestResult executionId="3e7b693d-7f1e-4831-93e6-79577cd151b6" testId="da91ce76-c184-261f-d439-567311ba87e6" testName="ejercicio1.test.UnitTest1.CreaArray_DebeCrearArrayConDimensionesCorrectas" computerName="MSI" duration="00:00:00.0085425" startTime="2025-07-27T23:56:01.8675006+02:00" endTime="2025-07-27T23:56:01.8675316+02:00" testType="13cdc9d9-ddb5-4fa4-a97d-d965ccfc6d4b" outcome="Passed" testListId="8c84fa94-04c1-424b-9868-57a2d4851a1d" relativeResultsDirectory="3e7b693d-7f1e-4831-93e6-79577cd151b6" />
    <UnitTestResult executionId="0f4d5f6f-e935-4a53-a618-2d0e3e52a06d" testId="99dda1ba-55c2-075f-fd44-15a8d2c7f7ef" testName="ejercicio1.test.UnitTest1.CreaArray_ConDimensionesDiferentes_DebeCrearArrayCorrectamente" computerName="MSI" duration="00:00:00.0000970" startTime="2025-07-27T23:56:01.8711190+02:00" endTime="2025-07-27T23:56:01.8711191+02:00" testType="13cdc9d9-ddb5-4fa4-a97d-d965ccfc6d4b" outcome="Passed" testListId="8c84fa94-04c1-424b-9868-57a2d4851a1d" relativeResultsDirectory="0f4d5f6f-e935-4a53-a618-2d0e3e52a06d" />
    <UnitTestResult executionId="e1fe67e8-fc38-499a-8410-9d1a16cf4fbb" testId="be66a4a6-2554-cfca-81bd-3d84422f8987" testName="ejercicio1.test.UnitTest1.RellenaConPatron_DebeRellenarConPatronAlternado" computerName="MSI" duration="00:00:00.0003151" startTime="2025-07-27T23:56:01.8712627+02:00" endTime="2025-07-27T23:56:01.8712628+02:00" testType="13cdc9d9-ddb5-4fa4-a97d-d965ccfc6d4b" outcome="Passed" testListId="8c84fa94-04c1-424b-9868-57a2d4851a1d" relativeResultsDirectory="e1fe67e8-fc38-499a-8410-9d1a16cf4fbb" />
  </Results>
  <TestDefinitions>
    <UnitTest name="ejercicio1.test.UnitTest1.RellenaConPatron_DebeRellenarConPatronAlternado" storage="g:\trabajo\modulos\prog\programaciondam\u8_arrays\ejercicios\2_ejercicios\solucion\2_ejercicios_arrays_solucion\ejercicio1.test\bin\debug\net9.0\ejercicio1.test.dll" id="be66a4a6-2554-cfca-81bd-3d84422f8987">
      <Execution id="e1fe67e8-fc38-499a-8410-9d1a16cf4fbb" />
      <TestMethod codeBase="G:\TRABAJO\MODULOS\PROG\PROGRAMACIONDAM\u8_arrays\ejercicios\2_ejercicios\solucion\2_ejercicios_arrays_solucion\ejercicio1.test\bin\Debug\net9.0\ejercicio1.test.dll" adapterTypeName="executor://xunit/VsTestRunner2/netcoreapp" className="ejercicio1.test.UnitTest1" name="RellenaConPatron_DebeRellenarConPatronAlternado" />
    </UnitTest>
    <UnitTest name="ejercicio1.test.UnitTest1.RellenaConPatron_Array10x10_DebeRellenarCorrectamente" storage="g:\trabajo\modulos\prog\programaciondam\u8_arrays\ejercicios\2_ejercicios\solucion\2_ejercicios_arrays_solucion\ejercicio1.test\bin\debug\net9.0\ejercicio1.test.dll" id="3019f54b-7280-ec41-e263-df410f78a692">
      <Execution id="f28788e3-9592-4b3e-9644-9303d85666ca" />
      <TestMethod codeBase="G:\TRABAJO\MODULOS\PROG\PROGRAMACIONDAM\u8_arrays\ejercicios\2_ejercicios\solucion\2_ejercicios_arrays_solucion\ejercicio1.test\bin\Debug\net9.0\ejercicio1.test.dll" adapterTypeName="executor://xunit/VsTestRunner2/netcoreapp" className="ejercicio1.test.UnitTest1" name="RellenaConPatron_Array10x10_DebeRellenarCorrectamente" />
    </UnitTest>
    <UnitTest name="ejercicio1.test.UnitTest1.MuestraArray_NoDebeGenerarExcepcion" storage="g:\trabajo\modulos\prog\programaciondam\u8_arrays\ejercicios\2_ejercicios\solucion\2_ejercicios_arrays_solucion\ejercicio1.test\bin\debug\net9.0\ejercicio1.test.dll" id="72c959cc-aa0c-11c3-2aaf-f3c35d81781d">
      <Execution id="d1db4115-8702-44af-9b4f-759b273176e1" />
      <TestMethod codeBase="G:\TRABAJO\MODULOS\PROG\PROGRAMACIONDAM\u8_arrays\ejercicios\2_ejercicios\solucion\2_ejercicios_arrays_solucion\ejercicio1.test\bin\Debug\net9.0\ejercicio1.test.dll" adapterTypeName="executor://xunit/VsTestRunner2/netcoreapp" className="ejercicio1.test.UnitTest1" name="MuestraArray_NoDebeGenerarExcepcion" />
    </UnitTest>
    <UnitTest name="ejercicio1.test.UnitTest1.CreaArray_DebeCrearArrayConDimensionesCorrectas" storage="g:\trabajo\modulos\prog\programaciondam\u8_arrays\ejercicios\2_ejercicios\solucion\2_ejercicios_arrays_solucion\ejercicio1.test\bin\debug\net9.0\ejercicio1.test.dll" id="da91ce76-c184-261f-d439-567311ba87e6">
      <Execution id="3e7b693d-7f1e-4831-93e6-79577cd151b6" />
      <TestMethod codeBase="G:\TRABAJO\MODULOS\PROG\PROGRAMACIONDAM\u8_arrays\ejercicios\2_ejercicios\solucion\2_ejercicios_arrays_solucion\ejercicio1.test\bin\Debug\net9.0\ejercicio1.test.dll" adapterTypeName="executor://xunit/VsTestRunner2/netcoreapp" className="ejercicio1.test.UnitTest1" name="CreaArray_DebeCrearArrayConDimensionesCorrectas" />
    </UnitTest>
    <UnitTest name="ejercicio1.test.UnitTest1.CreaArray_ConDimensionesDiferentes_DebeCrearArrayCorrectamente" storage="g:\trabajo\modulos\prog\programaciondam\u8_arrays\ejercicios\2_ejercicios\solucion\2_ejercicios_arrays_solucion\ejercicio1.test\bin\debug\net9.0\ejercicio1.test.dll" id="99dda1ba-55c2-075f-fd44-15a8d2c7f7ef">
      <Execution id="0f4d5f6f-e935-4a53-a618-2d0e3e52a06d" />
      <TestMethod codeBase="G:\TRABAJO\MODULOS\PROG\PROGRAMACIONDAM\u8_arrays\ejercicios\2_ejercicios\solucion\2_ejercicios_arrays_solucion\ejercicio1.test\bin\Debug\net9.0\ejercicio1.test.dll" adapterTypeName="executor://xunit/VsTestRunner2/netcoreapp" className="ejercicio1.test.UnitTest1" name="CreaArray_ConDimensionesDiferentes_DebeCrearArrayCorrectamente" />
    </UnitTest>
  </TestDefinitions>
  <TestEntries>
    <TestEntry testId="72c959cc-aa0c-11c3-2aaf-f3c35d81781d" executionId="d1db4115-8702-44af-9b4f-759b273176e1" testListId="8c84fa94-04c1-424b-9868-57a2d4851a1d" />
    <TestEntry testId="3019f54b-7280-ec41-e263-df410f78a692" executionId="f28788e3-9592-4b3e-9644-9303d85666ca" testListId="8c84fa94-04c1-424b-9868-57a2d4851a1d" />
    <TestEntry testId="da91ce76-c184-261f-d439-567311ba87e6" executionId="3e7b693d-7f1e-4831-93e6-79577cd151b6" testListId="8c84fa94-04c1-424b-9868-57a2d4851a1d" />
    <TestEntry testId="99dda1ba-55c2-075f-fd44-15a8d2c7f7ef" executionId="0f4d5f6f-e935-4a53-a618-2d0e3e52a06d" testListId="8c84fa94-04c1-424b-9868-57a2d4851a1d" />
    <TestEntry testId="be66a4a6-2554-cfca-81bd-3d84422f8987" executionId="e1fe67e8-fc38-499a-8410-9d1a16cf4fbb" testListId="8c84fa94-04c1-424b-9868-57a2d4851a1d" />
  </TestEntries>
  <TestLists>
    <TestList name="Resultados sin formato de lista" id="8c84fa94-04c1-424b-9868-57a2d4851a1d" />
    <TestList name="Todos los resultados cargados" id="19431567-8539-422a-85d7-44ee4e166bda" />
  </TestLists>
  <ResultSummary outcome="Completed">
    <Counters total="5" executed="5" passed="5" failed="0" error="0" timeout="0" aborted="0" inconclusive="0" passedButRunAborted="0" notRunnable="0" notExecuted="0" disconnected="0" warning="0" completed="0" inProgress="0" pending="0" />
    <Output>
      <StdOut>[xUnit.net 00:00:00.00] xUnit.net VSTest Adapter v2.8.2+699d445a1a (64-bit .NET 9.0.2)&#xD;
[xUnit.net 00:00:00.09]   Discovering: ejercicio1.test&#xD;
[xUnit.net 00:00:00.13]   Discovered:  ejercicio1.test&#xD;
[xUnit.net 00:00:00.14]   Starting:    ejercicio1.test&#xD;
Array 10x10 generado:&#xD;
1 1 1 &#xD;
0 0 0 &#xD;
1 1 1 &#xD;
[xUnit.net 00:00:00.21]   Finished:    ejercicio1.test&#xD;
</StdOut>
    </Output>
  </ResultSummary>
</TestRun>